## SLURM PROLOG ###############################################################
##    Job ID : 1988357
##  Job Name : 8_2
##  Nodelist : gpu2001
##      CPUs : 1
##  Mem/Node : 10240 MB
## Directory : /oscar/scratch/vsharm44/rl_project/Exploration-For-Shortcut-Learning/contrastive_learning
##   Job Started : Fri May 10 11:41:09 PM EDT 2024
###############################################################################
Running for input 0.8_2
==========================================================================
Running experiment for setting 0.6_1
==========================================================================
Running for seed 1 of experiment 0.6_1
wandb: Currently logged in as: vipul. Use `wandb login --relogin` to force relogin
wandb: wandb version 0.17.0 is available!  To upgrade, please run:
wandb:  $ pip install wandb --upgrade
wandb: Tracking run with wandb version 0.16.6
wandb: Run data is saved locally in /oscar/scratch/vsharm44/rl_project/Exploration-For-Shortcut-Learning/contrastive_learning/wandb/run-20240510_234117-b5lwmo4r
wandb: Run `wandb offline` to turn off syncing.
wandb: Syncing run dutiful-bird-298
wandb: ⭐️ View project at https://wandb.ai/vipul/RL_Project_CSCI2951F
wandb: 🚀 View run at https://wandb.ai/vipul/RL_Project_CSCI2951F/runs/b5lwmo4r
slurmstepd: error: *** JOB 1988357 ON gpu2001 CANCELLED AT 2024-05-10T23:41:23 ***
